c:\users\nam\desktop\programming_lesson_06\utilities\debug-nvidia\utilities.pdb
c:\users\nam\desktop\programming_lesson_06\utilities\debug-nvidia\utilities.idb
c:\users\nam\desktop\programming_lesson_06\utilities\debug-nvidia\esshader.obj
c:\users\nam\desktop\programming_lesson_06\utilities\debug-nvidia\esutil.obj
c:\users\nam\desktop\programming_lesson_06\utilities\debug-nvidia\esutil_win.obj
c:\users\nam\desktop\programming_lesson_06\utilities\debug-nvidia\u_math.obj
c:\users\nam\desktop\programming_lesson_06\utilities\debug-nvidia\memorymanager.obj
c:\users\nam\desktop\programming_lesson_06\utilities\debug-nvidia\memoryoperators.obj
c:\users\nam\desktop\programming_lesson_06\utilities\debug-nvidia\tga.obj
d:\game-internship\utilities\debug-nvidia\utilities.pdb
d:\game-internship\utilities\debug-nvidia\utilities.idb
d:\game-internship\utilities\debug-nvidia\esshader.obj
d:\game-internship\utilities\debug-nvidia\esutil.obj
d:\game-internship\utilities\debug-nvidia\esutil_win.obj
d:\game-internship\utilities\debug-nvidia\u_math.obj
d:\game-internship\utilities\debug-nvidia\memorymanager.obj
d:\game-internship\utilities\debug-nvidia\memoryoperators.obj
d:\game-internship\utilities\debug-nvidia\tga.obj
c:\users\nam\desktop\programming_lesson_06\bin-nvidia\utilitiesd.lib
d:\game-internship\bin-nvidia\utilitiesd.lib
d:\game-internship\utilities\debug-nvidia\utilities.tlog\cl.command.1.tlog
d:\game-internship\utilities\debug-nvidia\utilities.tlog\cl.read.1.tlog
d:\game-internship\utilities\debug-nvidia\utilities.tlog\cl.write.1.tlog
d:\game-internship\utilities\debug-nvidia\utilities.tlog\lib-link.read.1.tlog
d:\game-internship\utilities\debug-nvidia\utilities.tlog\lib-link.write.1.tlog
d:\game-internship\utilities\debug-nvidia\utilities.tlog\lib.command.1.tlog
