d:\game-internship\soloud20200207\build\vs2019\debug\debug\soloudstatic\soloud_noise.obj
d:\game-internship\soloud20200207\build\vs2019\debug\debug\soloudstatic\resonator.obj
d:\game-internship\soloud20200207\build\vs2019\debug\debug\soloudstatic\tts.obj
d:\game-internship\soloud20200207\build\vs2019\debug\debug\soloudstatic\soloud_vic.obj
d:\game-internship\soloud20200207\build\vs2019\debug\debug\soloudstatic\soloud_wavstream.obj
d:\game-internship\soloud20200207\build\vs2019\debug\debug\soloudstatic\soloud_dcremovalfilter.obj
d:\game-internship\soloud20200207\build\vs2019\debug\debug\soloudstatic\soloud_freeverbfilter.obj
d:\game-internship\soloud20200207\build\vs2019\debug\debug\soloudstatic\soloud.obj
d:\game-internship\soloud20200207\build\vs2019\debug\debug\soloudstatic\soloud_core_faderops.obj
d:\game-internship\soloud20200207\build\vs2019\debug\debug\soloudstatic\soloud_core_voiceops.obj
d:\game-internship\soloud20200207\build\vs2019\debug\debug\soloudstatic\soloud_file.obj
d:\game-internship\soloud20200207\build\vs2019\debug\debug\soloudstatic\soloud_queue.obj
d:\game-internship\soloud20200207\build\vs2019\debug\debug\soloudstatic\soloud_openmpt.obj
d:\game-internship\soloud20200207\build\vs2019\debug\debug\soloudstatic\darray.obj
d:\game-internship\soloud20200207\build\vs2019\debug\debug\soloudstatic\sid.obj
d:\game-internship\soloud20200207\build\vs2019\debug\debug\soloudstatic\soloud_tedsid.obj
d:\game-internship\soloud20200207\build\vs2019\debug\debug\soloudstatic\soloud_wav.obj
d:\game-internship\soloud20200207\build\vs2019\debug\debug\soloudstatic\soloud_echofilter.obj
d:\game-internship\soloud20200207\build\vs2019\debug\debug\soloudstatic\soloud_lofifilter.obj
d:\game-internship\soloud20200207\build\vs2019\debug\debug\soloudstatic\soloud_audiosource.obj
d:\game-internship\soloud20200207\build\vs2019\debug\debug\soloudstatic\soloud_core_basicops.obj
d:\game-internship\soloud20200207\build\vs2019\debug\debug\soloudstatic\soloud_core_setters.obj
d:\game-internship\soloud20200207\build\vs2019\debug\debug\soloudstatic\soloud_fft.obj
d:\game-internship\soloud20200207\build\vs2019\debug\debug\soloudstatic\soloud_thread.obj
d:\game-internship\soloud20200207\build\vs2019\debug\debug\soloudstatic\soloud_sfxr.obj
d:\game-internship\soloud20200207\build\vs2019\debug\debug\soloudstatic\klatt.obj
d:\game-internship\soloud20200207\build\vs2019\debug\debug\soloudstatic\ted.obj
d:\game-internship\soloud20200207\build\vs2019\debug\debug\soloudstatic\soloud_vizsn.obj
d:\game-internship\soloud20200207\build\vs2019\debug\debug\soloudstatic\soloud_bassboostfilter.obj
d:\game-internship\soloud20200207\build\vs2019\debug\debug\soloudstatic\soloud_fftfilter.obj
d:\game-internship\soloud20200207\build\vs2019\debug\debug\soloudstatic\soloud_robotizefilter.obj
d:\game-internship\soloud20200207\build\vs2019\debug\debug\soloudstatic\soloud_bus.obj
d:\game-internship\soloud20200207\build\vs2019\debug\debug\soloudstatic\soloud_core_filterops.obj
d:\game-internship\soloud20200207\build\vs2019\debug\debug\soloudstatic\soloud_core_voicegroup.obj
d:\game-internship\soloud20200207\build\vs2019\debug\debug\soloudstatic\soloud_fft_lut.obj
d:\game-internship\soloud20200207\build\vs2019\debug\debug\soloudstatic\soloud_filter.obj
d:\game-internship\soloud20200207\build\vs2019\debug\debug\soloudstatic\soloud_winmm.obj
d:\game-internship\soloud20200207\build\vs2019\debug\debug\soloudstatic\soloud_monotone.obj
d:\game-internship\soloud20200207\build\vs2019\debug\debug\soloudstatic\soloud_speech.obj
d:\game-internship\soloud20200207\build\vs2019\debug\debug\soloudstatic\dr_impl.obj
d:\game-internship\soloud20200207\build\vs2019\debug\debug\soloudstatic\soloud_biquadresonantfilter.obj
d:\game-internship\soloud20200207\build\vs2019\debug\debug\soloudstatic\soloud_flangerfilter.obj
d:\game-internship\soloud20200207\build\vs2019\debug\debug\soloudstatic\soloud_waveshaperfilter.obj
d:\game-internship\soloud20200207\build\vs2019\debug\debug\soloudstatic\soloud_core_3d.obj
d:\game-internship\soloud20200207\build\vs2019\debug\debug\soloudstatic\soloud_core_getters.obj
d:\game-internship\soloud20200207\build\vs2019\debug\debug\soloudstatic\soloud_fader.obj
d:\game-internship\soloud20200207\build\vs2019\debug\debug\soloudstatic\soloud_misc.obj
d:\game-internship\soloud20200207\build\vs2019\debug\debug\soloudstatic\soloud_null.obj
d:\game-internship\soloud20200207\lib\soloud_static.pdb
d:\game-internship\soloud20200207\build\vs2019\debug\debug\soloudstatic\stb_vorbis.obj
d:\game-internship\soloud20200207\build\vs2019\debug\debug\soloudstatic\soloud_openmpt_dll.obj
d:\game-internship\soloud20200207\lib\soloud_static.lib
d:\game-internship\soloud20200207\build\vs2019\..\..\lib\soloud_static.lib
d:\game-internship\soloud20200207\build\vs2019\debug\debug\soloudstatic\soloudstatic.tlog\cl.4532.write.1.tlog
d:\game-internship\soloud20200207\build\vs2019\debug\debug\soloudstatic\soloudstatic.tlog\cl.command.1.tlog
d:\game-internship\soloud20200207\build\vs2019\debug\debug\soloudstatic\soloudstatic.tlog\cl.read.1.tlog
d:\game-internship\soloud20200207\build\vs2019\debug\debug\soloudstatic\soloudstatic.tlog\lib-link.read.1.tlog
d:\game-internship\soloud20200207\build\vs2019\debug\debug\soloudstatic\soloudstatic.tlog\lib-link.write.1.tlog
d:\game-internship\soloud20200207\build\vs2019\debug\debug\soloudstatic\soloudstatic.tlog\lib.command.1.tlog
