C:\Program Files (x86)\Microsoft Visual Studio\2019\Community\MSBuild\Microsoft\VC\v160\Microsoft.CppBuild.targets(1044,5): warning MSB8027: Two or more files with the name of MainCharacter.cpp will produce outputs to the same location. This can lead to an incorrect build result.  The files involved are src\GameEntity\MainCharacter.cpp, src\GameEntity\MainCharacter.cpp.
cl : command line warning D9035: option 'Gm' has been deprecated and will be removed in a future release
  GSPlay.cpp
D:\Game-Internship\TrainingFramework\src\GameStates\GSPlay.cpp(44,60): warning C4244: 'argument': conversion from 'int' to 'GLfloat', possible loss of data
D:\Game-Internship\TrainingFramework\src\GameStates\GSPlay.cpp(44,42): warning C4244: 'argument': conversion from 'int' to 'GLfloat', possible loss of data
D:\Game-Internship\TrainingFramework\src\GameStates\GSPlay.cpp(63,54): warning C4244: 'argument': conversion from 'int' to 'GLfloat', possible loss of data
D:\Game-Internship\TrainingFramework\src\GameStates\GSPlay.cpp(63,36): warning C4244: 'argument': conversion from 'int' to 'GLfloat', possible loss of data
D:\Game-Internship\TrainingFramework\src\GameStates\GSPlay.cpp(79,12): warning C4244: 'argument': conversion from 'time_t' to 'unsigned int', possible loss of data
D:\Game-Internship\TrainingFramework\src\GameStates\GSPlay.cpp(85,37): warning C4244: 'argument': conversion from 'int' to 'GLfloat', possible loss of data
D:\Game-Internship\TrainingFramework\src\GameStates\GSPlay.cpp(135,20): warning C4018: '<': signed/unsigned mismatch
D:\Game-Internship\TrainingFramework\src\GameStates\GSPlay.cpp(143,85): warning C4244: 'argument': conversion from 'float' to 'GLint', possible loss of data
D:\Game-Internship\TrainingFramework\src\GameStates\GSPlay.cpp(143,50): warning C4244: 'argument': conversion from 'float' to 'GLint', possible loss of data
C:\Program Files (x86)\Microsoft Visual Studio\2019\Community\VC\Tools\MSVC\14.27.29110\include\xmemory(230,33): warning C4244: 'argument': conversion from '_Ty' to 'float', possible loss of data
          with
          [
              _Ty=double
          ]
C:\Program Files (x86)\Microsoft Visual Studio\2019\Community\VC\Tools\MSVC\14.27.29110\include\memory(1428): message : see reference to function template instantiation 'void std::_Construct_in_place<_Ty,std::shared_ptr<Shaders>&,std::shared_ptr<Font>&,std::basic_string<char,std::char_traits<char>,std::allocator<char>>,TEXT_COLOR,double>(_Ty &,std::shared_ptr<Shaders> &,std::shared_ptr<Font> &,std::basic_string<char,std::char_traits<char>,std::allocator<char>> &&,TEXT_COLOR &&,double &&) noexcept(false)' being compiled
          with
          [
              _Ty=Text
          ]
C:\Program Files (x86)\Microsoft Visual Studio\2019\Community\VC\Tools\MSVC\14.27.29110\include\memory(2072): message : see reference to function template instantiation 'std::_Ref_count_obj2<_Ty>::_Ref_count_obj2<std::shared_ptr<Shaders>&,std::shared_ptr<Font>&,std::basic_string<char,std::char_traits<char>,std::allocator<char>>,TEXT_COLOR,double>(std::shared_ptr<Shaders> &,std::shared_ptr<Font> &,std::basic_string<char,std::char_traits<char>,std::allocator<char>> &&,TEXT_COLOR &&,double &&)' being compiled
          with
          [
              _Ty=Text
          ]
C:\Program Files (x86)\Microsoft Visual Studio\2019\Community\VC\Tools\MSVC\14.27.29110\include\memory(2072): message : see reference to function template instantiation 'std::_Ref_count_obj2<_Ty>::_Ref_count_obj2<std::shared_ptr<Shaders>&,std::shared_ptr<Font>&,std::basic_string<char,std::char_traits<char>,std::allocator<char>>,TEXT_COLOR,double>(std::shared_ptr<Shaders> &,std::shared_ptr<Font> &,std::basic_string<char,std::char_traits<char>,std::allocator<char>> &&,TEXT_COLOR &&,double &&)' being compiled
          with
          [
              _Ty=Text
          ]
D:\Game-Internship\TrainingFramework\src\GameStates\GSPlay.cpp(49): message : see reference to function template instantiation 'std::shared_ptr<Text> std::make_shared<Text,std::shared_ptr<Shaders>&,std::shared_ptr<Font>&,std::string,TEXT_COLOR,double>(std::shared_ptr<Shaders> &,std::shared_ptr<Font> &,std::string &&,TEXT_COLOR &&,double &&)' being compiled
  TrainingFramework.vcxproj -> D:\Game-Internship\\BIN-Nvidia\TrainingFramework.exe
