c:\users\nam\desktop\programming_lesson_06\trainingframework\debug-nvidia\vc142.pdb
c:\users\nam\desktop\programming_lesson_06\trainingframework\debug-nvidia\vc142.idb
c:\users\nam\desktop\programming_lesson_06\trainingframework\debug-nvidia\application.obj
c:\users\nam\desktop\programming_lesson_06\trainingframework\debug-nvidia\resourcemanagers.obj
c:\users\nam\desktop\programming_lesson_06\trainingframework\debug-nvidia\font.obj
c:\users\nam\desktop\programming_lesson_06\trainingframework\debug-nvidia\gamebutton.obj
c:\users\nam\desktop\programming_lesson_06\trainingframework\debug-nvidia\sprite2d.obj
c:\users\nam\desktop\programming_lesson_06\trainingframework\debug-nvidia\camera.obj
c:\users\nam\desktop\programming_lesson_06\trainingframework\debug-nvidia\sprite3d.obj
c:\users\nam\desktop\programming_lesson_06\trainingframework\debug-nvidia\models.obj
c:\users\nam\desktop\programming_lesson_06\trainingframework\debug-nvidia\shaders.obj
c:\users\nam\desktop\programming_lesson_06\trainingframework\debug-nvidia\text.obj
c:\users\nam\desktop\programming_lesson_06\trainingframework\debug-nvidia\texture.obj
c:\users\nam\desktop\programming_lesson_06\trainingframework\debug-nvidia\gamestatebase.obj
c:\users\nam\desktop\programming_lesson_06\trainingframework\debug-nvidia\gamestatemachine.obj
c:\users\nam\desktop\programming_lesson_06\trainingframework\debug-nvidia\gsintro.obj
c:\users\nam\desktop\programming_lesson_06\trainingframework\debug-nvidia\gsmenu.obj
c:\users\nam\desktop\programming_lesson_06\trainingframework\debug-nvidia\gsplay.obj
c:\users\nam\desktop\programming_lesson_06\trainingframework\debug-nvidia\trainingframework.obj
c:\users\nam\desktop\programming_lesson_06\trainingframework\debug-nvidia\gssetting.obj
c:\users\nam\desktop\programming_lesson_06\trainingframework\debug-nvidia\animationsprite.obj
c:\users\nam\desktop\programming_lesson_06\trainingframework\debug-nvidia\player.obj
c:\users\nam\desktop\programming_lesson_06\trainingframework\debug-nvidia\bullet.obj
c:\users\nam\desktop\programming_lesson_06\trainingframework\debug-nvidia\enemy.obj
d:\game-internship\trainingframework\debug-nvidia\vc142.pdb
d:\game-internship\trainingframework\debug-nvidia\vc142.idb
d:\game-internship\trainingframework\debug-nvidia\resourcemanagers.obj
d:\game-internship\trainingframework\debug-nvidia\player.obj
d:\game-internship\trainingframework\debug-nvidia\bullet.obj
d:\game-internship\trainingframework\debug-nvidia\enemy.obj
d:\game-internship\trainingframework\debug-nvidia\font.obj
d:\game-internship\trainingframework\debug-nvidia\gamebutton.obj
d:\game-internship\trainingframework\debug-nvidia\sprite2d.obj
d:\game-internship\trainingframework\debug-nvidia\camera.obj
d:\game-internship\trainingframework\debug-nvidia\sprite3d.obj
d:\game-internship\trainingframework\debug-nvidia\models.obj
d:\game-internship\trainingframework\debug-nvidia\shaders.obj
d:\game-internship\trainingframework\debug-nvidia\text.obj
d:\game-internship\trainingframework\debug-nvidia\texture.obj
d:\game-internship\trainingframework\debug-nvidia\gamestatebase.obj
d:\game-internship\trainingframework\debug-nvidia\gamestatemachine.obj
d:\game-internship\trainingframework\debug-nvidia\gsintro.obj
d:\game-internship\trainingframework\debug-nvidia\gsmenu.obj
d:\game-internship\trainingframework\debug-nvidia\gsplay.obj
d:\game-internship\trainingframework\debug-nvidia\gssetting.obj
d:\game-internship\trainingframework\debug-nvidia\trainingframework.obj
d:\game-internship\trainingframework\debug-nvidia\application.obj
d:\game-internship\trainingframework\debug-nvidia\maincharater.obj
c:\users\nam\desktop\programming_lesson_06\bin-nvidia\trainingframework.exe
c:\users\nam\desktop\programming_lesson_06\bin-nvidia\trainingframework.ilk
c:\users\nam\desktop\programming_lesson_06\bin-nvidia\trainingframework.pdb
d:\game-internship\bin-nvidia\trainingframework.exe
d:\game-internship\bin-nvidia\trainingframework.ilk
d:\game-internship\bin-nvidia\trainingframework.pdb
c:\users\nam\desktop\programming_lesson_06\trainingframework\debug-nvidia\trainingframework.res
d:\game-internship\trainingframework\debug-nvidia\trainingframework.res
d:\game-internship\trainingframework\debug-nvidia\animationsprite.obj
d:\game-internship\\bin-nvidia\trainingframework.pdb
d:\game-internship\\bin-nvidia\trainingframework.exe
d:\game-internship\\bin-nvidia\trainingframework.ilk
d:\game-internship\trainingframework\debug-nvidia\training.fc024ec8.tlog\cl.command.1.tlog
d:\game-internship\trainingframework\debug-nvidia\training.fc024ec8.tlog\cl.read.1.tlog
d:\game-internship\trainingframework\debug-nvidia\training.fc024ec8.tlog\cl.write.1.tlog
d:\game-internship\trainingframework\debug-nvidia\training.fc024ec8.tlog\link.command.1.tlog
d:\game-internship\trainingframework\debug-nvidia\training.fc024ec8.tlog\link.read.1.tlog
d:\game-internship\trainingframework\debug-nvidia\training.fc024ec8.tlog\link.write.1.tlog
d:\game-internship\trainingframework\debug-nvidia\training.fc024ec8.tlog\rc.command.1.tlog
d:\game-internship\trainingframework\debug-nvidia\training.fc024ec8.tlog\rc.read.1.tlog
d:\game-internship\trainingframework\debug-nvidia\training.fc024ec8.tlog\rc.write.1.tlog
